<?xml version="1.0" encoding="UTF-8"?>
<!-- Generated by org.testng.reporters.JUnitXMLReporter -->
<testsuite hostname="Ashish-Laptop" name="Test" tests="3" failures="0" timestamp="7 Apr 2018 10:37:37 GMT" time="60.166" errors="0">
  <testcase name="@BeforeClass beforeMethod" time="0.0" classname="com.ext.testCases.TC_Login">
    <failure type="java.lang.NoClassDefFoundError" message="org/apache/poi/ss/formula/udf/UDFFinder">
      <![CDATA[java.lang.NoClassDefFoundError: org/apache/poi/ss/formula/udf/UDFFinder
	at com.ext.utility.ExcelUtils.setExcelFile(ExcelUtils.java:43)
	at com.ext.testCases.TC_Login.beforeMethod(TC_Login.java:42)
Caused by: java.lang.ClassNotFoundException: org.apache.poi.ss.formula.udf.UDFFinder
	at java.net.URLClassLoader.findClass(URLClassLoader.java:381)
	at java.lang.ClassLoader.loadClass(ClassLoader.java:424)
	at sun.misc.Launcher$AppClassLoader.loadClass(Launcher.java:331)
	at java.lang.ClassLoader.loadClass(ClassLoader.java:357)
	... 26 more
... Removed 24 stack frames]]>
    </failure>
  </testcase> <!-- @BeforeClass beforeMethod -->
  <testcase name="@AfterMethod tearDown" time="0.0" classname="com.ext.testCases.TC_Login">
    <skipped/>
  </testcase> <!-- @AfterMethod tearDown -->
  <testcase name="@AfterMethod tearDown" time="0.0" classname="com.ext.testCases.TC_Login">
    <skipped/>
  </testcase> <!-- @AfterMethod tearDown -->
  <testcase name="@BeforeClass startTestCase" time="0.0" classname="com.ext.testCases.TC_Register">
    <skipped/>
  </testcase> <!-- @BeforeClass startTestCase -->
  <testcase name="@AfterMethod tearDown" time="0.0" classname="com.ext.testCases.TC_Register">
    <skipped/>
  </testcase> <!-- @AfterMethod tearDown -->
  <testcase name="TC_Login1" time="0.003" classname="com.ext.testCases.TC_Login">
    <skipped/>
  </testcase> <!-- TC_Login1 -->
  <testcase name="TC_Login2" time="0.007" classname="com.ext.testCases.TC_Login">
    <skipped/>
  </testcase> <!-- TC_Login2 -->
  <testcase name="TC1_Register" time="0.004" classname="com.ext.testCases.TC_Register">
    <skipped/>
  </testcase> <!-- TC1_Register -->
</testsuite> <!-- Test -->
